<?xml version="1.0" encoding="UTF-8"?>
<coverage generated="1535550610790" clover="3.2.0">
  <project timestamp="1535550610790" name="All files">
    <metrics statements="1" coveredstatements="1" conditionals="57" coveredconditionals="18" methods="20" coveredmethods="11" elements="78" coveredelements="30" complexity="0" loc="1" ncloc="1" packages="1" files="1" classes="1">
      <file name="index.js" path="/Users/wzj/zhenjun/github/get-set-obj/lib/index.js">
        <metrics statements="1" coveredstatements="1" conditionals="57" coveredconditionals="18" methods="20" coveredmethods="11"/>
        <line num="1" count="12" type="cond" truecount="18" falsecount="39"/>
      </file>
    </metrics>
  </project>
</coverage>
