{"/Users/wzj/zhenjun/github/safe-object/lib/index.js": {"path":"/Users/wzj/zhenjun/github/safe-object/lib/index.js","statementMap":{"0":{"start":{"line":1,"column":0},"end":{"line":1,"column":1780}},"1":{"start":{"line":1,"column":15},"end":{"line":1,"column":221}},"2":{"start":{"line":1,"column":68},"end":{"line":1,"column":87}},"3":{"start":{"line":1,"column":92},"end":{"line":1,"column":221}},"4":{"start":{"line":1,"column":133},"end":{"line":1,"column":146}},"5":{"start":{"line":1,"column":157},"end":{"line":1,"column":160}},"6":{"start":{"line":1,"column":161},"end":{"line":1,"column":220}},"7":{"start":{"line":1,"column":176},"end":{"line":1,"column":220}},"8":{"start":{"line":1,"column":241},"end":{"line":1,"column":1777}},"9":{"start":{"line":1,"column":266},"end":{"line":1,"column":268}},"10":{"start":{"line":1,"column":283},"end":{"line":1,"column":311}},"11":{"start":{"line":1,"column":291},"end":{"line":1,"column":311}},"12":{"start":{"line":1,"column":317},"end":{"line":1,"column":343}},"13":{"start":{"line":1,"column":344},"end":{"line":1,"column":402}},"14":{"start":{"line":1,"column":403},"end":{"line":1,"column":1163}},"15":{"start":{"line":1,"column":442},"end":{"line":1,"column":500}},"16":{"start":{"line":1,"column":518},"end":{"line":1,"column":675}},"17":{"start":{"line":1,"column":695},"end":{"line":1,"column":725}},"18":{"start":{"line":1,"column":716},"end":{"line":1,"column":725}},"19":{"start":{"line":1,"column":725},"end":{"line":1,"column":778}},"20":{"start":{"line":1,"column":769},"end":{"line":1,"column":778}},"21":{"start":{"line":1,"column":784},"end":{"line":1,"column":803}},"22":{"start":{"line":1,"column":804},"end":{"line":1,"column":959}},"23":{"start":{"line":1,"column":897},"end":{"line":1,"column":959}},"24":{"start":{"line":1,"column":912},"end":{"line":1,"column":959}},"25":{"start":{"line":1,"column":932},"end":{"line":1,"column":943}},"26":{"start":{"line":1,"column":959},"end":{"line":1,"column":967}},"27":{"start":{"line":1,"column":991},"end":{"line":1,"column":1056}},"28":{"start":{"line":1,"column":1018},"end":{"line":1,"column":1034}},"29":{"start":{"line":1,"column":1047},"end":{"line":1,"column":1055}},"30":{"start":{"line":1,"column":1057},"end":{"line":1,"column":1078}},"31":{"start":{"line":1,"column":1098},"end":{"line":1,"column":1146}},"32":{"start":{"line":1,"column":1209},"end":{"line":1,"column":1423}},"33":{"start":{"line":1,"column":1290},"end":{"line":1,"column":1305}},"34":{"start":{"line":1,"column":1319},"end":{"line":1,"column":1418}},"35":{"start":{"line":1,"column":1424},"end":{"line":1,"column":1473}},"36":{"start":{"line":1,"column":1479},"end":{"line":1,"column":1736}},"37":{"start":{"line":1,"column":1493},"end":{"line":1,"column":1735}},"38":{"start":{"line":1,"column":1544},"end":{"line":1,"column":1560}},"39":{"start":{"line":1,"column":1584},"end":{"line":1,"column":1589}},"40":{"start":{"line":1,"column":1590},"end":{"line":1,"column":1730}},"41":{"start":{"line":1,"column":1636},"end":{"line":1,"column":1726}},"42":{"start":{"line":1,"column":1739},"end":{"line":1,"column":1750}},"43":{"start":{"line":1,"column":1751},"end":{"line":1,"column":1774}}},"fnMap":{"0":{"name":"(anonymous_0)","decl":{"start":{"line":1,"column":1},"end":{"line":1,"column":2}},"loc":{"start":{"line":1,"column":14},"end":{"line":1,"column":222}},"line":1},"1":{"name":"(anonymous_1)","decl":{"start":{"line":1,"column":230},"end":{"line":1,"column":231}},"loc":{"start":{"line":1,"column":240},"end":{"line":1,"column":1778}},"line":1},"2":{"name":"(anonymous_2)","decl":{"start":{"line":1,"column":248},"end":{"line":1,"column":249}},"loc":{"start":{"line":1,"column":259},"end":{"line":1,"column":1164}},"line":1},"3":{"name":"n","decl":{"start":{"line":1,"column":278},"end":{"line":1,"column":279}},"loc":{"start":{"line":1,"column":282},"end":{"line":1,"column":403}},"line":1},"4":{"name":"(anonymous_4)","decl":{"start":{"line":1,"column":426},"end":{"line":1,"column":427}},"loc":{"start":{"line":1,"column":441},"end":{"line":1,"column":501}},"line":1},"5":{"name":"(anonymous_5)","decl":{"start":{"line":1,"column":506},"end":{"line":1,"column":507}},"loc":{"start":{"line":1,"column":517},"end":{"line":1,"column":676}},"line":1},"6":{"name":"(anonymous_6)","decl":{"start":{"line":1,"column":681},"end":{"line":1,"column":682}},"loc":{"start":{"line":1,"column":694},"end":{"line":1,"column":968}},"line":1},"7":{"name":"(anonymous_7)","decl":{"start":{"line":1,"column":920},"end":{"line":1,"column":921}},"loc":{"start":{"line":1,"column":931},"end":{"line":1,"column":944}},"line":1},"8":{"name":"(anonymous_8)","decl":{"start":{"line":1,"column":973},"end":{"line":1,"column":974}},"loc":{"start":{"line":1,"column":984},"end":{"line":1,"column":1079}},"line":1},"9":{"name":"(anonymous_9)","decl":{"start":{"line":1,"column":1007},"end":{"line":1,"column":1008}},"loc":{"start":{"line":1,"column":1017},"end":{"line":1,"column":1035}},"line":1},"10":{"name":"(anonymous_10)","decl":{"start":{"line":1,"column":1036},"end":{"line":1,"column":1037}},"loc":{"start":{"line":1,"column":1046},"end":{"line":1,"column":1056}},"line":1},"11":{"name":"(anonymous_11)","decl":{"start":{"line":1,"column":1084},"end":{"line":1,"column":1085}},"loc":{"start":{"line":1,"column":1097},"end":{"line":1,"column":1147}},"line":1},"12":{"name":"(anonymous_12)","decl":{"start":{"line":1,"column":1166},"end":{"line":1,"column":1167}},"loc":{"start":{"line":1,"column":1181},"end":{"line":1,"column":1775}},"line":1},"13":{"name":"o","decl":{"start":{"line":1,"column":1204},"end":{"line":1,"column":1205}},"loc":{"start":{"line":1,"column":1208},"end":{"line":1,"column":1424}},"line":1},"14":{"name":"(anonymous_14)","decl":{"start":{"line":1,"column":1278},"end":{"line":1,"column":1279}},"loc":{"start":{"line":1,"column":1289},"end":{"line":1,"column":1306}},"line":1},"15":{"name":"(anonymous_15)","decl":{"start":{"line":1,"column":1307},"end":{"line":1,"column":1308}},"loc":{"start":{"line":1,"column":1318},"end":{"line":1,"column":1419}},"line":1},"16":{"name":"(anonymous_16)","decl":{"start":{"line":1,"column":1479},"end":{"line":1,"column":1480}},"loc":{"start":{"line":1,"column":1492},"end":{"line":1,"column":1736}},"line":1},"17":{"name":"(anonymous_17)","decl":{"start":{"line":1,"column":1530},"end":{"line":1,"column":1531}},"loc":{"start":{"line":1,"column":1543},"end":{"line":1,"column":1561}},"line":1},"18":{"name":"e","decl":{"start":{"line":1,"column":1571},"end":{"line":1,"column":1572}},"loc":{"start":{"line":1,"column":1577},"end":{"line":1,"column":1731}},"line":1},"19":{"name":"(anonymous_19)","decl":{"start":{"line":1,"column":1624},"end":{"line":1,"column":1625}},"loc":{"start":{"line":1,"column":1635},"end":{"line":1,"column":1727}},"line":1}},"branchMap":{"0":{"loc":{"start":{"line":1,"column":15},"end":{"line":1,"column":221}},"type":"if","locations":[{"start":{"line":1,"column":15},"end":{"line":1,"column":221}},{"start":{"line":1,"column":15},"end":{"line":1,"column":221}}],"line":1},"1":{"loc":{"start":{"line":1,"column":18},"end":{"line":1,"column":67}},"type":"binary-expr","locations":[{"start":{"line":1,"column":18},"end":{"line":1,"column":42}},{"start":{"line":1,"column":44},"end":{"line":1,"column":67}}],"line":1},"2":{"loc":{"start":{"line":1,"column":92},"end":{"line":1,"column":221}},"type":"if","locations":[{"start":{"line":1,"column":92},"end":{"line":1,"column":221}},{"start":{"line":1,"column":92},"end":{"line":1,"column":221}}],"line":1},"3":{"loc":{"start":{"line":1,"column":95},"end":{"line":1,"column":132}},"type":"binary-expr","locations":[{"start":{"line":1,"column":95},"end":{"line":1,"column":120}},{"start":{"line":1,"column":122},"end":{"line":1,"column":132}}],"line":1},"4":{"loc":{"start":{"line":1,"column":177},"end":{"line":1,"column":211}},"type":"cond-expr","locations":[{"start":{"line":1,"column":202},"end":{"line":1,"column":209}},{"start":{"line":1,"column":210},"end":{"line":1,"column":211}}],"line":1},"5":{"loc":{"start":{"line":1,"column":283},"end":{"line":1,"column":311}},"type":"if","locations":[{"start":{"line":1,"column":283},"end":{"line":1,"column":311}},{"start":{"line":1,"column":283},"end":{"line":1,"column":311}}],"line":1},"6":{"loc":{"start":{"line":1,"column":442},"end":{"line":1,"column":500}},"type":"binary-expr","locations":[{"start":{"line":1,"column":442},"end":{"line":1,"column":450}},{"start":{"line":1,"column":452},"end":{"line":1,"column":500}}],"line":1},"7":{"loc":{"start":{"line":1,"column":518},"end":{"line":1,"column":626}},"type":"binary-expr","locations":[{"start":{"line":1,"column":518},"end":{"line":1,"column":544}},{"start":{"line":1,"column":546},"end":{"line":1,"column":564}},{"start":{"line":1,"column":566},"end":{"line":1,"column":626}}],"line":1},"8":{"loc":{"start":{"line":1,"column":695},"end":{"line":1,"column":725}},"type":"if","locations":[{"start":{"line":1,"column":695},"end":{"line":1,"column":725}},{"start":{"line":1,"column":695},"end":{"line":1,"column":725}}],"line":1},"9":{"loc":{"start":{"line":1,"column":698},"end":{"line":1,"column":711}},"type":"binary-expr","locations":[{"start":{"line":1,"column":698},"end":{"line":1,"column":701}},{"start":{"line":1,"column":704},"end":{"line":1,"column":710}}],"line":1},"10":{"loc":{"start":{"line":1,"column":725},"end":{"line":1,"column":778}},"type":"if","locations":[{"start":{"line":1,"column":725},"end":{"line":1,"column":778}},{"start":{"line":1,"column":725},"end":{"line":1,"column":778}}],"line":1},"11":{"loc":{"start":{"line":1,"column":728},"end":{"line":1,"column":768}},"type":"binary-expr","locations":[{"start":{"line":1,"column":728},"end":{"line":1,"column":731}},{"start":{"line":1,"column":733},"end":{"line":1,"column":751}},{"start":{"line":1,"column":753},"end":{"line":1,"column":754}},{"start":{"line":1,"column":756},"end":{"line":1,"column":768}}],"line":1},"12":{"loc":{"start":{"line":1,"column":804},"end":{"line":1,"column":959}},"type":"if","locations":[{"start":{"line":1,"column":804},"end":{"line":1,"column":959}},{"start":{"line":1,"column":804},"end":{"line":1,"column":959}}],"line":1},"13":{"loc":{"start":{"line":1,"column":873},"end":{"line":1,"column":896}},"type":"binary-expr","locations":[{"start":{"line":1,"column":873},"end":{"line":1,"column":876}},{"start":{"line":1,"column":878},"end":{"line":1,"column":896}}],"line":1},"14":{"loc":{"start":{"line":1,"column":991},"end":{"line":1,"column":1056}},"type":"cond-expr","locations":[{"start":{"line":1,"column":1007},"end":{"line":1,"column":1035}},{"start":{"line":1,"column":1036},"end":{"line":1,"column":1056}}],"line":1},"15":{"loc":{"start":{"line":1,"column":991},"end":{"line":1,"column":1006}},"type":"binary-expr","locations":[{"start":{"line":1,"column":991},"end":{"line":1,"column":992}},{"start":{"line":1,"column":994},"end":{"line":1,"column":1006}}],"line":1},"16":{"loc":{"start":{"line":1,"column":1218},"end":{"line":1,"column":1419}},"type":"cond-expr","locations":[{"start":{"line":1,"column":1278},"end":{"line":1,"column":1306}},{"start":{"line":1,"column":1307},"end":{"line":1,"column":1419}}],"line":1},"17":{"loc":{"start":{"line":1,"column":1218},"end":{"line":1,"column":1277}},"type":"binary-expr","locations":[{"start":{"line":1,"column":1218},"end":{"line":1,"column":1243}},{"start":{"line":1,"column":1245},"end":{"line":1,"column":1277}}],"line":1},"18":{"loc":{"start":{"line":1,"column":1326},"end":{"line":1,"column":1418}},"type":"cond-expr","locations":[{"start":{"line":1,"column":1401},"end":{"line":1,"column":1409}},{"start":{"line":1,"column":1410},"end":{"line":1,"column":1418}}],"line":1},"19":{"loc":{"start":{"line":1,"column":1326},"end":{"line":1,"column":1400}},"type":"binary-expr","locations":[{"start":{"line":1,"column":1326},"end":{"line":1,"column":1327}},{"start":{"line":1,"column":1329},"end":{"line":1,"column":1354}},{"start":{"line":1,"column":1356},"end":{"line":1,"column":1378}},{"start":{"line":1,"column":1380},"end":{"line":1,"column":1400}}],"line":1},"20":{"loc":{"start":{"line":1,"column":1551},"end":{"line":1,"column":1556}},"type":"binary-expr","locations":[{"start":{"line":1,"column":1551},"end":{"line":1,"column":1552}},{"start":{"line":1,"column":1554},"end":{"line":1,"column":1556}}],"line":1},"21":{"loc":{"start":{"line":1,"column":1584},"end":{"line":1,"column":1589}},"type":"binary-expr","locations":[{"start":{"line":1,"column":1584},"end":{"line":1,"column":1585}},{"start":{"line":1,"column":1587},"end":{"line":1,"column":1589}}],"line":1},"22":{"loc":{"start":{"line":1,"column":1609},"end":{"line":1,"column":1614}},"type":"binary-expr","locations":[{"start":{"line":1,"column":1609},"end":{"line":1,"column":1610}},{"start":{"line":1,"column":1612},"end":{"line":1,"column":1614}}],"line":1},"23":{"loc":{"start":{"line":1,"column":1636},"end":{"line":1,"column":1726}},"type":"cond-expr","locations":[{"start":{"line":1,"column":1662},"end":{"line":1,"column":1715}},{"start":{"line":1,"column":1717},"end":{"line":1,"column":1726}}],"line":1},"24":{"loc":{"start":{"line":1,"column":1636},"end":{"line":1,"column":1660}},"type":"binary-expr","locations":[{"start":{"line":1,"column":1636},"end":{"line":1,"column":1640}},{"start":{"line":1,"column":1642},"end":{"line":1,"column":1660}}],"line":1},"25":{"loc":{"start":{"line":1,"column":1667},"end":{"line":1,"column":1697}},"type":"cond-expr","locations":[{"start":{"line":1,"column":1692},"end":{"line":1,"column":1694}},{"start":{"line":1,"column":1695},"end":{"line":1,"column":1697}}],"line":1}},"s":{"0":1,"1":1,"2":1,"3":0,"4":0,"5":0,"6":0,"7":0,"8":1,"9":1,"10":1,"11":0,"12":1,"13":1,"14":1,"15":0,"16":0,"17":0,"18":0,"19":0,"20":0,"21":0,"22":0,"23":0,"24":0,"25":0,"26":0,"27":0,"28":0,"29":0,"30":0,"31":0,"32":1,"33":9,"34":0,"35":1,"36":1,"37":5,"38":12,"39":11,"40":11,"41":9,"42":1,"43":1},"f":{"0":1,"1":1,"2":1,"3":1,"4":0,"5":0,"6":0,"7":0,"8":0,"9":0,"10":0,"11":0,"12":1,"13":1,"14":9,"15":0,"16":5,"17":12,"18":11,"19":9},"b":{"0":[1,0],"1":[1,1],"2":[0,0],"3":[0,0],"4":[0,0],"5":[0,1],"6":[0,0],"7":[0,0,0],"8":[0,0],"9":[0,0],"10":[0,0],"11":[0,0,0,0],"12":[0,0],"13":[0,0],"14":[0,0],"15":[0,0],"16":[1,0],"17":[1,1],"18":[0,0],"19":[0,0,0,0],"20":[12,4],"21":[11,5],"22":[11,2],"23":[6,3],"24":[9,9],"25":[0,6]},"_coverageSchema":"332fd63041d2c1bcb487cc26dd0d5f7d97098a6c","hash":"776a5435360ab1f1b9e395eac041f66df68cbf44"}
}
